[2025-02-10 11:00:15] [INFO]    [OmnipathR] Welcome to OmnipathR!
[2025-02-10 11:00:15] [INFO]    [OmnipathR] Setting up new cache directory `/Users/samuelmartin/Library/Caches/OmnipathR`.
[2025-02-10 11:00:15] [INFO]    [OmnipathR] Initialized cache: `/Users/samuelmartin/Library/Caches/OmnipathR`.
[2025-02-10 11:00:15] [INFO]    [OmnipathR] Loading database `Ensembl organism names`.
[2025-02-10 11:00:15] [INFO]    [OmnipathR] Looking up in cache `https://www.ensembl.org/info/about/species.html`: key=7332486db7400730697234bad76ca0c8e4d00799, no version available.
[2025-02-10 11:00:15] [INFO]    [OmnipathR] Created new version for cache record 7332486db7400730697234bad76ca0c8e4d00799: version 1.
[2025-02-10 11:00:15] [TRACE]   [OmnipathR] Cache file path: /Users/samuelmartin/Library/Caches/OmnipathR/7332486db7400730697234bad76ca0c8e4d00799-1.html
[2025-02-10 11:00:15] [INFO]    [OmnipathR] Retrieving URL: `https://www.ensembl.org/info/about/species.html`
[2025-02-10 11:00:15] [TRACE]   [OmnipathR] Attempt 1/3: `https://www.ensembl.org/info/about/species.html`
[2025-02-10 11:00:16] [TRACE]   [OmnipathR] HTTP 200
[2025-02-10 11:00:16] [INFO]    [OmnipathR] Download ready [key=7332486db7400730697234bad76ca0c8e4d00799, version=1]
[2025-02-10 11:00:16] [INFO]    [OmnipathR] Cache item `7332486db7400730697234bad76ca0c8e4d00799` version 1: status changed from `unknown` to `ready`.
[2025-02-10 11:00:16] [INFO]    [OmnipathR] Loaded database `Ensembl organism names`.
[2025-02-10 11:00:16] [INFO]    [OmnipathR] Cache record does not exist: `https://omnipathdb.org/annotations?resources=PROGENy&license=academic`
[2025-02-10 11:00:16] [INFO]    [OmnipathR] Retrieving URL: `https://omnipathdb.org/annotations?resources=PROGENy&license=academic`
[2025-02-10 11:00:16] [TRACE]   [OmnipathR] Attempt 1/3: `https://omnipathdb.org/annotations?resources=PROGENy&license=academic`
[2025-02-10 11:00:18] [INFO]    [OmnipathR] Cache item `3492392585ba05414edfae46801492076437d7e7` version 1: status changed from `unknown` to `started`.
[2025-02-10 11:00:18] [TRACE]   [OmnipathR] Exporting object to RDS: `/Users/samuelmartin/Library/Caches/OmnipathR/3492392585ba05414edfae46801492076437d7e7-1.rds`.
[2025-02-10 11:00:20] [TRACE]   [OmnipathR] Exported RDS to `/Users/samuelmartin/Library/Caches/OmnipathR/3492392585ba05414edfae46801492076437d7e7-1.rds`.
[2025-02-10 11:00:20] [INFO]    [OmnipathR] Download ready [key=3492392585ba05414edfae46801492076437d7e7, version=1]
[2025-02-10 11:00:20] [INFO]    [OmnipathR] Cache item `3492392585ba05414edfae46801492076437d7e7` version 1: status changed from `started` to `ready`.
[2025-02-10 11:00:20] [SUCCESS] [OmnipathR] Downloaded 700239 annotation records.
